This is pdfTeX, Version 3.14159265-2.6-1.40.20 (TeX Live 2019/Debian) (preloaded format=pdflatex 2020.5.25)  24 SEP 2020 07:53
entering extended mode
 restricted \write18 enabled.
 %&-line parsing enabled.
**course_work.tex
(./course_work.tex
LaTeX2e <2020-02-02> patch level 2
L3 programming layer <2020-02-14>
(/usr/share/texlive/texmf-dist/tex/latex/base/article.cls
Document Class: article 2019/12/20 v1.4l Standard LaTeX document class
(/usr/share/texlive/texmf-dist/tex/latex/base/size12.clo
File: size12.clo 2019/12/20 v1.4l Standard LaTeX file (size option)
)
\c@part=\count167
\c@section=\count168
\c@subsection=\count169
\c@subsubsection=\count170
\c@paragraph=\count171
\c@subparagraph=\count172
\c@figure=\count173
\c@table=\count174
\abovecaptionskip=\skip47
\belowcaptionskip=\skip48
\bibindent=\dimen134
)
(/usr/share/texlive/texmf-dist/tex/latex/base/inputenc.sty
Package: inputenc 2018/08/11 v1.3c Input encoding file
\inpenc@prehook=\toks14
\inpenc@posthook=\toks15

(/usr/share/texlive/texmf-dist/tex/latex/ucs/utf8x.def
File: utf8x.def 2004/10/17 UCS: Input encoding UTF-8
))
(/usr/share/texlive/texmf-dist/tex/latex/ucs/ucs.sty
Package: ucs 2013/05/11 v2.2 UCS: Unicode input support

(/usr/share/texlive/texmf-dist/tex/latex/ucs/data/uni-global.def
File: uni-global.def 2013/05/13 UCS: Unicode global data
)
\uc@secondtry=\count175
\uc@combtoks=\toks16
\uc@combtoksb=\toks17
\uc@temptokena=\toks18
)
(/usr/share/texlive/texmf-dist/tex/generic/babel/babel.sty
Package: babel 2020/02/14 3.40 The Babel package

(/usr/share/texlive/texmf-dist/tex/generic/babel/switch.def
File: switch.def 2020/02/14 3.40 Babel switching mechanism
)
(/usr/share/texlive/texmf-dist/tex/generic/babel-russian/russianb.ldf
Language: russian 2017/08/12 1.3j Russian support for the Babel system

(/usr/share/texlive/texmf-dist/tex/generic/babel/babel.def
File: babel.def 2020/02/14 3.40 Babel common definitions
\babel@savecnt=\count176
\U@D=\dimen135

(/usr/share/texlive/texmf-dist/tex/generic/babel/txtbabel.def)
\bbl@readstream=\read2
\bbl@dirlevel=\count177
)

Package babel Warning: No Cyrillic font encoding has been loaded so far.
(babel)                A font encoding should be declared before babel.
(babel)                Default `T2A' encoding will be loaded  on input line 74.


(/usr/share/texlive/texmf-dist/tex/latex/cyrillic/t2aenc.def
File: t2aenc.def 2005/09/27 v1.0i Cyrillic encoding definition file
)
Package babel Info: Making " an active character on input line 120.
Package babel Info: Default for \cyrdash is provided on input line 157.
))
(/usr/share/texlive/texmf-dist/tex/latex/lipsum/lipsum.sty
(/usr/share/texlive/texmf-dist/tex/latex/l3kernel/expl3.sty
Package: expl3 2020-02-14 L3 programming layer (loader) 

(/usr/share/texlive/texmf-dist/tex/latex/l3backend/l3backend-pdfmode.def
File: l3backend-pdfmode.def 2020-02-03 L3 backend support: PDF mode
\l__kernel_color_stack_int=\count178
\l__pdf_internal_box=\box45
))
(/usr/share/texlive/texmf-dist/tex/latex/l3packages/xparse/xparse.sty
Package: xparse 2020-02-14 L3 Experimental document command parser
\l__xparse_current_arg_int=\count179
\g__xparse_grabber_int=\count180
\l__xparse_m_args_int=\count181
\l__xparse_v_nesting_int=\count182
)
Package: lipsum 2019/01/02 v2.2 150 paragraphs of Lorem Ipsum dummy text

(/usr/share/texlive/texmf-dist/tex/latex/lipsum/lipsum.ltd.tex
File: lipsum.ltd.tex 2019/01/02 v2.2 The Lorem ipsum dummy text
))
(/usr/share/texlive/texmf-dist/tex/latex/titlesec/titlesec.sty
Package: titlesec 2019/10/16 v2.13 Sectioning titles
\ttl@box=\box46
\beforetitleunit=\skip49
\aftertitleunit=\skip50
\ttl@plus=\dimen136
\ttl@minus=\dimen137
\ttl@toksa=\toks19
\titlewidth=\dimen138
\titlewidthlast=\dimen139
\titlewidthfirst=\dimen140
)
(/usr/share/texlive/texmf-dist/tex/latex/tools/indentfirst.sty
Package: indentfirst 1995/11/23 v1.03 Indent first paragraph (DPC)
)
(/usr/share/texlive/texmf-dist/tex/latex/caption/caption.sty
Package: caption 2020/01/03 v3.4h Customizing captions (AR)

(/usr/share/texlive/texmf-dist/tex/latex/caption/caption3.sty
Package: caption3 2020/01/03 v1.8h caption3 kernel (AR)
Package caption3 Info: TeX engine: e-TeX on input line 61.

(/usr/share/texlive/texmf-dist/tex/latex/graphics/keyval.sty
Package: keyval 2014/10/28 v1.15 key=value parser (DPC)
\KV@toks@=\toks20
)
\captionmargin=\dimen141
\captionmargin@=\dimen142
\captionwidth=\dimen143
\caption@tempdima=\dimen144
\caption@indent=\dimen145
\caption@parindent=\dimen146
\caption@hangindent=\dimen147
Package caption Info: Standard document class detected.
)
\c@caption@flags=\count183
\c@continuedfloat=\count184
)
(/usr/share/texlive/texmf-dist/tex/latex/graphics/graphicx.sty
Package: graphicx 2019/11/30 v1.2a Enhanced LaTeX Graphics (DPC,SPQR)

(/usr/share/texlive/texmf-dist/tex/latex/graphics/graphics.sty
Package: graphics 2019/11/30 v1.4a Standard LaTeX Graphics (DPC,SPQR)

(/usr/share/texlive/texmf-dist/tex/latex/graphics/trig.sty
Package: trig 2016/01/03 v1.10 sin cos tan (DPC)
)
(/usr/share/texlive/texmf-dist/tex/latex/graphics-cfg/graphics.cfg
File: graphics.cfg 2016/06/04 v1.11 sample graphics configuration
)
Package graphics Info: Driver file: pdftex.def on input line 105.

(/usr/share/texlive/texmf-dist/tex/latex/graphics-def/pdftex.def
File: pdftex.def 2018/01/08 v1.0l Graphics/color driver for pdftex
))
\Gin@req@height=\dimen148
\Gin@req@width=\dimen149
)
(/usr/share/texlive/texmf-dist/tex/latex/comment/comment.sty
\CommentStream=\write3

Excluding comment 'comment')
(/usr/share/texlive/texmf-dist/tex/latex/tools/tabularx.sty
Package: tabularx 2020/01/15 v2.11c `tabularx' package (DPC)

(/usr/share/texlive/texmf-dist/tex/latex/tools/array.sty
Package: array 2019/08/31 v2.4l Tabular extension package (FMi)
\col@sep=\dimen150
\ar@mcellbox=\box47
\extrarowheight=\dimen151
\NC@list=\toks21
\extratabsurround=\skip51
\backup@length=\skip52
\ar@cellbox=\box48
)
\TX@col@width=\dimen152
\TX@old@table=\dimen153
\TX@old@col=\dimen154
\TX@target=\dimen155
\TX@delta=\dimen156
\TX@cols=\count185
\TX@ftn=\toks22
)
(/usr/share/texlive/texmf-dist/tex/latex/graphics/color.sty
Package: color 2019/11/23 v1.2a Standard LaTeX Color (DPC)

(/usr/share/texlive/texmf-dist/tex/latex/graphics-cfg/color.cfg
File: color.cfg 2016/01/02 v1.6 sample color configuration
)
Package color Info: Driver file: pdftex.def on input line 147.
)
(/usr/share/texlive/texmf-dist/tex/latex/listings/listings.sty
\lst@mode=\count186
\lst@gtempboxa=\box49
\lst@token=\toks23
\lst@length=\count187
\lst@currlwidth=\dimen157
\lst@column=\count188
\lst@pos=\count189
\lst@lostspace=\dimen158
\lst@width=\dimen159
\lst@newlines=\count190
\lst@lineno=\count191
\lst@maxwidth=\dimen160

(/usr/share/texlive/texmf-dist/tex/latex/listings/lstmisc.sty
File: lstmisc.sty 2019/09/10 1.8c (Carsten Heinz)
\c@lstnumber=\count192
\lst@skipnumbers=\count193
\lst@framebox=\box50
)
(/usr/share/texlive/texmf-dist/tex/latex/listings/listings.cfg
File: listings.cfg 2019/09/10 1.8c listings configuration
))
Package: listings 2019/09/10 1.8c (Carsten Heinz)

(/usr/share/texlive/texmf-dist/tex/latex/cite/cite.sty
LaTeX Info: Redefining \cite on input line 302.
LaTeX Info: Redefining \nocite on input line 332.
Package: cite 2015/02/27  v 5.5
)
(/usr/share/texlive/texmf-dist/tex/latex/listings/lstlang1.sty
File: lstlang1.sty 2019/09/10 1.8c listings language file
)
(/usr/share/texlive/texmf-dist/tex/latex/listings/lstlang1.sty
File: lstlang1.sty 2019/09/10 1.8c listings language file
)
(/usr/share/texlive/texmf-dist/tex/latex/listings/lstmisc.sty
File: lstmisc.sty 2019/09/10 1.8c (Carsten Heinz)
)
(./course_work.aux
LaTeX Font Info:    Trying to load font information for T2A+cmr on input line 4
.
 (/usr/share/texlive/texmf-dist/tex/latex/cyrillic/t2acmr.fd
File: t2acmr.fd 2001/08/11 v1.0a Computer Modern Cyrillic font definitions
))
\openout1 = `course_work.aux'.

LaTeX Font Info:    Checking defaults for OML/cmm/m/it on input line 45.
LaTeX Font Info:    ... okay on input line 45.
LaTeX Font Info:    Checking defaults for OMS/cmsy/m/n on input line 45.
LaTeX Font Info:    ... okay on input line 45.
LaTeX Font Info:    Checking defaults for OT1/cmr/m/n on input line 45.
LaTeX Font Info:    ... okay on input line 45.
LaTeX Font Info:    Checking defaults for T1/cmr/m/n on input line 45.
LaTeX Font Info:    ... okay on input line 45.
LaTeX Font Info:    Checking defaults for TS1/cmr/m/n on input line 45.
LaTeX Font Info:    ... okay on input line 45.
LaTeX Font Info:    Checking defaults for OMX/cmex/m/n on input line 45.
LaTeX Font Info:    ... okay on input line 45.
LaTeX Font Info:    Checking defaults for U/cmr/m/n on input line 45.
LaTeX Font Info:    ... okay on input line 45.
LaTeX Font Info:    Checking defaults for T2A/cmr/m/n on input line 45.
LaTeX Font Info:    ... okay on input line 45.
 (/usr/share/texlive/texmf-dist/tex/latex/ucs/ucsencs.def
File: ucsencs.def 2011/01/21 Fixes to fontencodings LGR, T3
)
Package caption Info: Begin \AtBeginDocument code.
Package caption Info: listings package is loaded.
Package caption Info: End \AtBeginDocument code.

(/usr/share/texlive/texmf-dist/tex/context/base/mkii/supp-pdf.mkii
[Loading MPS to PDF converter (version 2006.09.02).]
\scratchcounter=\count194
\scratchdimen=\dimen161
\scratchbox=\box51
\nofMPsegments=\count195
\nofMParguments=\count196
\everyMPshowfont=\toks24
\MPscratchCnt=\count197
\MPscratchDim=\dimen162
\MPnumerator=\count198
\makeMPintoPDFobject=\count199
\everyMPtoPDFconversion=\toks25
) (/usr/share/texlive/texmf-dist/tex/latex/epstopdf-pkg/epstopdf-base.sty
Package: epstopdf-base 2020-01-24 v2.11 Base part for package epstopdf
Package epstopdf-base Info: Redefining graphics rule for `.eps' on input line 4
85.

(/usr/share/texlive/texmf-dist/tex/latex/latexconfig/epstopdf-sys.cfg
File: epstopdf-sys.cfg 2010/07/13 v1.3 Configuration of (r)epstopdf for TeX Liv
e
))
\c@lstlisting=\count266

(/usr/share/texlive/texmf-dist/tex/latex/ucs/data/uni-4.def
File: uni-4.def 2013/05/13 UCS: Unicode data U+0400..U+04FF
)
(/usr/share/texlive/texmf-dist/tex/latex/ucs/data/uni-0.def
File: uni-0.def 2013/05/13 UCS: Unicode data U+0000..U+00FF
)
LaTeX Font Info:    External font `cmex10' loaded for size
(Font)              <12> on input line 76.
LaTeX Font Info:    External font `cmex10' loaded for size
(Font)              <8> on input line 76.
LaTeX Font Info:    External font `cmex10' loaded for size
(Font)              <6> on input line 76.

Overfull \hbox (23.97047pt too wide) in paragraph at lines 76--81
[][] 
 []

[1

{/var/lib/texmf/fonts/map/pdftex/updmap/pdftex.map}]
Underfull \hbox (badness 10000) in paragraph at lines 97--98

 []


Underfull \hbox (badness 10000) in paragraph at lines 99--100

 []


Underfull \hbox (badness 10000) in paragraph at lines 101--102

 []


Underfull \hbox (badness 10000) in paragraph at lines 107--122

 []

[2]
Underfull \hbox (badness 10000) in paragraph at lines 134--137

 []


Underfull \hbox (badness 10000) in paragraph at lines 138--140

 []


Underfull \hbox (badness 10000) in paragraph at lines 141--143

 []


Underfull \hbox (badness 10000) in paragraph at lines 144--146

 []


Underfull \hbox (badness 10000) in paragraph at lines 147--149

 []


Overfull \hbox (23.97047pt too wide) in paragraph at lines 150--155
[][] 
 []

[3]
Underfull \hbox (badness 10000) in paragraph at lines 171--181

 []


Underfull \hbox (badness 10000) in paragraph at lines 171--181

 []


Underfull \hbox (badness 10000) in paragraph at lines 171--181

 []


Underfull \hbox (badness 10000) in paragraph at lines 171--181

 []


Underfull \hbox (badness 10000) in paragraph at lines 171--181

 []


Underfull \hbox (badness 10000) in paragraph at lines 171--181

 []


Underfull \hbox (badness 10000) in paragraph at lines 171--181

 []


Underfull \hbox (badness 10000) in paragraph at lines 171--181

 []


Underfull \hbox (badness 10000) in paragraph at lines 171--181

 []

[4] (./course_work.toc [5])
\tf@toc=\write4
\openout4 = `course_work.toc'.

 [6]
Overfull \hbox (0.82059pt too wide) in paragraph at lines 210--215
\T2A/cmr/m/n/12 фай-ла-ми биб-лио-те-ки <fstream> [2], изу-чен-ных в хо-де вы-п
ол-не-ния преды-
 []

Excluding 'comment' comment. [7] Excluding 'comment' comment.
<photo/in_file.png, id=28, 745.78625pt x 545.03625pt>
File: photo/in_file.png Graphic file (type png)
<use photo/in_file.png>
Package pdftex.def Info: photo/in_file.png  used on input line 255.
(pdftex.def)             Requested size: 350.99762pt x 256.51637pt.
 [8 <./photo/in_file.png>] Excluding 'comment' comment.
<photo/Scheme_of_data.png, id=34, 763.85374pt x 488.82625pt>
File: photo/Scheme_of_data.png Graphic file (type png)
<use photo/Scheme_of_data.png>
Package pdftex.def Info: photo/Scheme_of_data.png  used on input line 282.
(pdftex.def)             Requested size: 350.99762pt x 224.61665pt.

Overfull \hbox (1.86037pt too wide) in paragraph at lines 288--292
[]\T2A/cmr/m/n/12 В дан-ном кон-тек-сте сло-вом счи-та-ет-ся лю-бая по-сле-до-в
а-тель-ность сим-
 []

[9 <./photo/Scheme_of_data.png>] Excluding 'comment' comment.
Underfull \hbox (badness 10000) in paragraph at lines 342--342
[]|\T2A/cmr/m/n/12 Имя
 []


Underfull \hbox (badness 10000) in paragraph at lines 342--342
[]|\T2A/cmr/m/n/12 Параметры
 []


Overfull \hbox (5.85507pt too wide) in paragraph at lines 342--342
[]|\T2A/cmr/m/n/12 Возращаемое
 []


Underfull \hbox (badness 10000) in paragraph at lines 342--342
\T2A/cmr/m/n/12 зна-че-ние
 []


Underfull \hbox (badness 1681) in paragraph at lines 342--342
[]|\T2A/cmr/m/n/12 int &wordsSize,
 []


Underfull \hbox (badness 10000) in paragraph at lines 342--342
\T2A/cmr/m/n/12 std::string
 []


Underfull \hbox (badness 7759) in paragraph at lines 342--342
[]|\T2A/cmr/m/n/12 Подсчјт ко-ли-
 []


Underfull \hbox (badness 1817) in paragraph at lines 342--342
\T2A/cmr/m/n/12 и со-глас-ных в
 []


Underfull \hbox (badness 10000) in paragraph at lines 342--342
\T2A/cmr/m/n/12 *words, int
 []


Underfull \hbox (badness 10000) in paragraph at lines 342--342
\T2A/cmr/m/n/12 wordsSize, int
 []


Underfull \hbox (badness 10000) in paragraph at lines 342--342
[]|\T2A/cmr/m/n/12 Запись из-ме-
 []


Underfull \hbox (badness 2512) in paragraph at lines 342--342
\T2A/cmr/m/n/12 нјн-но-го тек-ста
 []


Underfull \hbox (badness 10000) in paragraph at lines 342--342
[]|\T2A/cmr/m/n/12 std::string
 []


Underfull \hbox (badness 10000) in paragraph at lines 342--342
\T2A/cmr/m/n/12 *words,
 []


Underfull \hbox (badness 10000) in paragraph at lines 342--342
\T2A/cmr/m/n/12 unsigned int
 []


Underfull \hbox (badness 3364) in paragraph at lines 342--342
\T2A/cmr/m/n/12 wordsSize, char
 []


Overfull \hbox (5.42871pt too wide) in paragraph at lines 342--342
[]|\T2A/cmr/m/n/12 countWords.h| 
 []


Overfull \hbox (5.5981pt too wide) in paragraph at lines 342--342
[]|\T2A/cmr/m/n/12 countWords| 
 []


Underfull \hbox (badness 7759) in paragraph at lines 342--342
[]|\T2A/cmr/m/n/12 Подсчјт ко-ли-
 []


Underfull \hbox (badness 4156) in paragraph at lines 342--342
\T2A/cmr/m/n/12 че-ства слов в
 []


Underfull \hbox (badness 10000) in paragraph at lines 342--342
[]|\T2A/cmr/m/n/12 int wordsSize,
 []


Underfull \hbox (badness 10000) in paragraph at lines 342--342
\T2A/cmr/m/n/12 std::string
 []


Underfull \hbox (badness 10000) in paragraph at lines 342--342
[]|\T2A/cmr/m/n/12 Сортировка
 []


Underfull \hbox (badness 5475) in paragraph at lines 342--342
\T2A/cmr/m/n/12 слов в фай-ле
 []


Underfull \hbox (badness 10000) in paragraph at lines 342--342
\T2A/cmr/m/n/12 по за-дан-ным
 []


Underfull \hbox (badness 10000) in paragraph at lines 342--342
[]|\T2A/cmr/m/n/12 std::string
 []


Underfull \hbox (badness 10000) in paragraph at lines 342--342
\T2A/cmr/m/n/12 *words, const
 []


Underfull \hbox (badness 1681) in paragraph at lines 342--342
\T2A/cmr/m/n/12 int &wordsSize,
 []


Underfull \hbox (badness 10000) in paragraph at lines 342--342
[]|\T2A/cmr/m/n/12 Вывод со-дер-
 []


Underfull \hbox (badness 3471) in paragraph at lines 342--342
\T2A/cmr/m/n/12 жи-мо-го фай-ла
 []


Underfull \hbox (badness 4660) in paragraph at lines 342--342
[]|\T2A/cmr/m/n/12 Подсчјт ко-эф-
 []


Overfull \hbox (119.4821pt too wide) in alignment at lines 342--342
[][][][][] 
 []

[10] Excluding 'comment' comment.
<photo/main_menu.png, id=42, 259.97125pt x 239.89626pt>
File: photo/main_menu.png Graphic file (type png)
<use photo/main_menu.png>
Package pdftex.def Info: photo/main_menu.png  used on input line 360.
(pdftex.def)             Requested size: 272.99881pt x 251.9168pt.
 [11 <./photo/main_menu.png>] [12]
Excluding 'comment' comment.
Underfull \hbox (badness 10000) in paragraph at lines 411--412

 []


Underfull \hbox (badness 10000) in paragraph at lines 417--418

 []


Underfull \hbox (badness 10000) in paragraph at lines 419--420

 []


Underfull \hbox (badness 10000) in paragraph at lines 421--422

 []

[13] [14] [15]
Overfull \hbox (5.34184pt too wide) in paragraph at lines 546--547
[]\T2A/cmr/m/n/12 Если сим-вол - глас-ная бук-ва, Уве-ли-чи-ва-ем ко-ли-че-ство
 глас-
 []

[16] [17] Excluding 'comment' comment.
<photo/tests/wrong_input.png, id=69, 288.07625pt x 286.06876pt>
File: photo/tests/wrong_input.png Graphic file (type png)
<use photo/tests/wrong_input.png>
Package pdftex.def Info: photo/tests/wrong_input.png  used on input line 625.
(pdftex.def)             Requested size: 195.0pt x 193.6468pt.
<photo/tests/no_file_opened.png, id=70, 290.08376pt x 287.0725pt>
File: photo/tests/no_file_opened.png Graphic file (type png)
<use photo/tests/no_file_opened.png>
Package pdftex.def Info: photo/tests/no_file_opened.png  used on input line 633
.
(pdftex.def)             Requested size: 195.0pt x 192.9771pt.
<photo/tests/open.png, id=71, 528.97626pt x 398.48875pt>
File: photo/tests/open.png Graphic file (type png)
<use photo/tests/open.png>
Package pdftex.def Info: photo/tests/open.png  used on input line 641.
(pdftex.def)             Requested size: 272.99881pt x 205.65266pt.
<photo/tests/countvc.png, id=72, 292.09125pt x 397.485pt>
File: photo/tests/countvc.png Graphic file (type png)
<use photo/tests/countvc.png>
Package pdftex.def Info: photo/tests/countvc.png  used on input line 649.
(pdftex.def)             Requested size: 195.0pt x 265.3674pt.
<photo/tests/vtoc.png, id=73, 305.14pt x 357.335pt>
File: photo/tests/vtoc.png Graphic file (type png)
<use photo/tests/vtoc.png>
Package pdftex.def Info: photo/tests/vtoc.png  used on input line 657.
(pdftex.def)             Requested size: 195.0pt x 228.36101pt.
<photo/tests/vtoc_txt.png, id=74, 877.2775pt x 593.21625pt>
File: photo/tests/vtoc_txt.png Graphic file (type png)
<use photo/tests/vtoc_txt.png>
Package pdftex.def Info: photo/tests/vtoc_txt.png  used on input line 664.
(pdftex.def)             Requested size: 350.99762pt x 237.34566pt.
<photo/tests/ctov.png, id=75, 326.21875pt x 349.305pt>
File: photo/tests/ctov.png Graphic file (type png)
<use photo/tests/ctov.png>
Package pdftex.def Info: photo/tests/ctov.png  used on input line 672.
(pdftex.def)             Requested size: 195.0pt x 208.80643pt.
<photo/tests/ctov_txt.png, id=76, 829.0975pt x 596.2275pt>
File: photo/tests/ctov_txt.png Graphic file (type png)
<use photo/tests/ctov_txt.png>
Package pdftex.def Info: photo/tests/ctov_txt.png  used on input line 679.
(pdftex.def)             Requested size: 350.99762pt x 252.40623pt.
<photo/tests/lex.png, id=77, 318.18875pt x 350.30875pt>
File: photo/tests/lex.png Graphic file (type png)
<use photo/tests/lex.png>
Package pdftex.def Info: photo/tests/lex.png  used on input line 687.
(pdftex.def)             Requested size: 195.0pt x 214.68224pt.
 [18 <./photo/tests/wrong_input.png>]
[19 <./photo/tests/no_file_opened.png> <./photo/tests/open.png>] [20 <./photo/t
ests/countvc.png> <./photo/tests/vtoc.png>] [21 <./photo/tests/vtoc_txt.png> <.
/photo/tests/ctov.png>]
<photo/tests/lex_txt.png, id=98, 739.76375pt x 596.2275pt>
File: photo/tests/lex_txt.png Graphic file (type png)
<use photo/tests/lex_txt.png>
Package pdftex.def Info: photo/tests/lex_txt.png  used on input line 694.
(pdftex.def)             Requested size: 350.99762pt x 282.89258pt.
<photo/tests/rewrite_no.png, id=99, 370.38374pt x 374.39874pt>
File: photo/tests/rewrite_no.png Graphic file (type png)
<use photo/tests/rewrite_no.png>
Package pdftex.def Info: photo/tests/rewrite_no.png  used on input line 705.
(pdftex.def)             Requested size: 195.0pt x 197.11642pt.
<photo/tests/rewrite_yes.png, id=100, 405.515pt x 416.55624pt>
File: photo/tests/rewrite_yes.png Graphic file (type png)
<use photo/tests/rewrite_yes.png>
Package pdftex.def Info: photo/tests/rewrite_yes.png  used on input line 712.
(pdftex.def)             Requested size: 195.0pt x 200.31337pt.
File: photo/tests/lex_txt.png Graphic file (type png)
<use photo/tests/lex_txt.png>
Package pdftex.def Info: photo/tests/lex_txt.png  used on input line 719.
(pdftex.def)             Requested size: 350.99762pt x 282.89258pt.
<photo/tests/reopen.png, id=101, 404.51125pt x 397.485pt>
File: photo/tests/reopen.png Graphic file (type png)
<use photo/tests/reopen.png>
Package pdftex.def Info: photo/tests/reopen.png  used on input line 728.
(pdftex.def)             Requested size: 195.0pt x 191.61548pt.
<photo/tests/print.png, id=102, 322.20375pt x 308.15125pt>
File: photo/tests/print.png Graphic file (type png)
<use photo/tests/print.png>
Package pdftex.def Info: photo/tests/print.png  used on input line 737.
(pdftex.def)             Requested size: 195.0pt x 186.50024pt.
<photo/tests/count_num_of_reps.png, id=103, 308.15125pt x 529.98pt>
File: photo/tests/count_num_of_reps.png Graphic file (type png)
<use photo/tests/count_num_of_reps.png>
Package pdftex.def Info: photo/tests/count_num_of_reps.png  used on input line 
746.
(pdftex.def)             Requested size: 195.0pt x 335.38521pt.
 [22 <./photo/tests/ctov_txt.png>] [23 <./photo/tests/lex.png> <./photo/tests/l
ex_txt.png>] [24 <./photo/tests/rewrite_no.png> <./photo/tests/rewrite_yes.png>
] [25 <./photo/tests/reopen.png>]
<photo/tests/cnor1.png, id=123, 371.3875pt x 376.40625pt>
File: photo/tests/cnor1.png Graphic file (type png)
<use photo/tests/cnor1.png>
Package pdftex.def Info: photo/tests/cnor1.png  used on input line 755.
(pdftex.def)             Requested size: 195.0pt x 197.6392pt.
<photo/tests/cnor2.png, id=124, 329.23pt x 418.56375pt>
File: photo/tests/cnor2.png Graphic file (type png)
<use photo/tests/cnor2.png>
Package pdftex.def Info: photo/tests/cnor2.png  used on input line 762.
(pdftex.def)             Requested size: 195.0pt x 247.91486pt.
<photo/tests/exit.png, id=125, 718.685pt x 330.23375pt>
File: photo/tests/exit.png Graphic file (type png)
<use photo/tests/exit.png>
Package pdftex.def Info: photo/tests/exit.png  used on input line 771.
(pdftex.def)             Requested size: 195.0pt x 89.60268pt.
 [26 <./photo/tests/print.png>] [27 <./photo/tests/count_num_of_reps.png>] [28 
<./photo/tests/cnor1.png> <./photo/tests/cnor2.png>] Excluding 'comment' commen
t. [29 <./photo/tests/exit.png>] Excluding 'comment' comment.
(/usr/share/texlive/texmf-dist/tex/latex/ucs/data/uni-32.def
File: uni-32.def 2013/05/13 UCS: Unicode data U+2000..U+20FF
)
Overfull \hbox (35.90561pt too wide) in paragraph at lines 837--838
[]\T2A/cmr/m/n/12 Заголовочный файл стан-дарт-ной биб-лио-те-ки <string> ^^V cp
preference.com.
 []


Overfull \hbox (81.48473pt too wide) in paragraph at lines 837--838
\T2A/cmr/m/n/12 (n.d.). Retrieved May 15, 2020, from https://ru.cppreference.co
m/w/cpp/header/string 
 []


Overfull \hbox (37.36966pt too wide) in paragraph at lines 845--846
\T2A/cmr/m/n/12 15, 2020, from https://ru.wikipedia.org/wiki/Лексикографический
_порядок 
 []

Excluding 'comment' comment. [30] (./src/main.cpp
LaTeX Font Info:    External font `cmex10' loaded for size
(Font)              <10.95> on input line 14.
 [31] [32] [33] [34]) [35]
(./src/openFile.cpp [36]) [37] (./src/openFile.h) [38] (./src/countVC.cpp)
[39] (./src/countVC.h) [40] (./src/writeFile.cpp [41] [42]) [43]
(./src/writeFile.h) [44] (./src/countWords.cpp [45]) [46] (./src/countWords.h)
[47] (./src/sortVC.cpp [48]) [49] [50] (./src/sortVC.h) [51]
(./src/printFile.cpp) [52] (./src/printFile.h) [53] (./src/Colors.h) [54]
(./src/calck.cpp) [55] (./src/calck.h) [56] (./course_work.aux) ) 
Here is how much of TeX's memory you used:
 8404 strings out of 481239
 124951 string characters out of 5920377
 774181 words of memory out of 5000000
 23513 multiletter control sequences out of 15000+600000
 545234 words of font info for 49 fonts, out of 8000000 for 9000
 1141 hyphenation exceptions out of 8191
 41i,14n,60p,1220b,1708s stack positions out of 5000i,500n,10000p,200000b,80000s
{/usr/share/te
xmf/fonts/enc/dvips/cm-super/cm-super-ts1.enc}{/usr/share/texmf/fonts/enc/dvips
/cm-super/cm-super-t2a.enc}</usr/share/texlive/texmf-dist/fonts/type1/public/am
sfonts/cm/cmr12.pfb></usr/share/texlive/texmf-dist/fonts/type1/public/amsfonts/
cm/cmsy10.pfb></usr/share/texmf/fonts/type1/public/cm-super/sfbx1095.pfb></usr/
share/texmf/fonts/type1/public/cm-super/sfbx1200.pfb></usr/share/texmf/fonts/ty
pe1/public/cm-super/sfbx1440.pfb></usr/share/texmf/fonts/type1/public/cm-super/
sfbx1728.pfb></usr/share/texmf/fonts/type1/public/cm-super/sfrm0600.pfb></usr/s
hare/texmf/fonts/type1/public/cm-super/sfrm1095.pfb></usr/share/texmf/fonts/typ
e1/public/cm-super/sfrm1200.pfb></usr/share/texmf/fonts/type1/public/cm-super/s
fti1095.pfb>
Output written on course_work.pdf (56 pages, 849706 bytes).
PDF statistics:
 277 PDF objects out of 1000 (max. 8388607)
 165 compressed objects within 2 object streams
 0 named destinations out of 1000 (max. 500000)
 106 words of extra memory for PDF output out of 10000 (max. 10000000)

