This is pdfTeX, Version 3.14159265-2.6-1.40.21 (MiKTeX 20.10) (preloaded format=pdflatex 2020.10.28)  9 NOV 2020 19:23
entering extended mode
**./document.tex
(document.tex
LaTeX2e <2020-10-01> patch level 2
L3 programming layer <2020-10-05> xparse <2020-03-03>
("C:\Program Files\MiKTeX\tex/latex/base\article.cls"
Document Class: article 2020/04/10 v1.4m Standard LaTeX document class
("C:\Program Files\MiKTeX\tex/latex/base\size10.clo"
File: size10.clo 2020/04/10 v1.4m Standard LaTeX file (size option)
)
\c@part=\count175
\c@section=\count176
\c@subsection=\count177
\c@subsubsection=\count178
\c@paragraph=\count179
\c@subparagraph=\count180
\c@figure=\count181
\c@table=\count182
\abovecaptionskip=\skip47
\belowcaptionskip=\skip48
\bibindent=\dimen138
)
("C:\Program Files\MiKTeX\tex/latex/base\inputenc.sty"
Package: inputenc 2020/08/01 v1.3d Input encoding file
\inpenc@prehook=\toks15
\inpenc@posthook=\toks16

("C:\Program Files\MiKTeX\tex/latex/ucs\utf8x.def"
File: utf8x.def 2004/10/17 UCS: Input encoding UTF-8
))
("C:\Program Files\MiKTeX\tex/latex/ucs\ucs.sty"
Package: ucs 2013/05/11 v2.2 UCS: Unicode input support

("C:\Program Files\MiKTeX\tex/latex/ucs\uni-global.def"
File: uni-global.def 2013/05/13 UCS: Unicode global data
)
\uc@secondtry=\count183
\uc@combtoks=\toks17
\uc@combtoksb=\toks18
\uc@temptokena=\toks19
)
("C:\Program Files\MiKTeX\tex/generic/babel\babel.sty"
Package: babel 2020/10/06 3.50 The Babel package

("C:\Program Files\MiKTeX\tex/generic/babel\babel.def"
File: babel.def 2020/10/06 3.50 Babel common definitions
\babel@savecnt=\count184
\U@D=\dimen139
\l@babelnohyphens=\language79

("C:\Program Files\MiKTeX\tex/generic/babel\txtbabel.def")
\bbl@readstream=\read2
)
\bbl@dirlevel=\count185

*************************************
* Local config file bblopts.cfg used
*
("C:\Program Files\MiKTeX\tex/latex/arabi\bblopts.cfg"
File: bblopts.cfg 2005/09/08 v0.1 add Arabic and Farsi to "declared" options of
 babel
)
("C:\Program Files\MiKTeX\tex/latex/babel-russian\russianb.ldf"
File: russianb.ldf 2020/09/09 1.3k Russian support for the Babel system
Language: russian 2020/09/09 1.3k Russian support for the Babel system


Package babel Warning: No Cyrillic font encoding has been loaded so far.
(babel)                A font encoding should be declared before babel.
(babel)                Default `T2A' encoding will be loaded  on input line 74.


("C:\Program Files\MiKTeX\tex/latex/cyrillic\t2aenc.def"
File: t2aenc.def 2005/09/27 v1.0i Cyrillic encoding definition file
)
Package babel Info: Making " an active character on input line 120.
Package babel Info: Default for \cyrdash is provided on input line 157.
))
("C:\Program Files\MiKTeX\tex/latex/titlesec\titlesec.sty"
Package: titlesec 2019/10/16 v2.13 Sectioning titles
\ttl@box=\box47
\beforetitleunit=\skip49
\aftertitleunit=\skip50
\ttl@plus=\dimen140
\ttl@minus=\dimen141
\ttl@toksa=\toks20
\titlewidth=\dimen142
\titlewidthlast=\dimen143
\titlewidthfirst=\dimen144
)
("C:\Program Files\MiKTeX\tex/latex/tools\indentfirst.sty"
Package: indentfirst 1995/11/23 v1.03 Indent first paragraph (DPC)
)
("C:\Program Files\MiKTeX\tex/latex/amsmath\amsmath.sty"
Package: amsmath 2020/09/23 v2.17i AMS math features
\@mathmargin=\skip51

For additional information on amsmath, use the `?' option.
("C:\Program Files\MiKTeX\tex/latex/amsmath\amstext.sty"
Package: amstext 2000/06/29 v2.01 AMS text

("C:\Program Files\MiKTeX\tex/latex/amsmath\amsgen.sty"
File: amsgen.sty 1999/11/30 v2.0 generic functions
\@emptytoks=\toks21
\ex@=\dimen145
))
("C:\Program Files\MiKTeX\tex/latex/amsmath\amsbsy.sty"
Package: amsbsy 1999/11/29 v1.2d Bold Symbols
\pmbraise@=\dimen146
)
("C:\Program Files\MiKTeX\tex/latex/amsmath\amsopn.sty"
Package: amsopn 2016/03/08 v2.02 operator names
)
\inf@bad=\count186
LaTeX Info: Redefining \frac on input line 234.
\uproot@=\count187
\leftroot@=\count188
LaTeX Info: Redefining \overline on input line 399.
\classnum@=\count189
\DOTSCASE@=\count190
LaTeX Info: Redefining \ldots on input line 496.
LaTeX Info: Redefining \dots on input line 499.
LaTeX Info: Redefining \cdots on input line 620.
\Mathstrutbox@=\box48
\strutbox@=\box49
\big@size=\dimen147
LaTeX Font Info:    Redeclaring font encoding OML on input line 743.
LaTeX Font Info:    Redeclaring font encoding OMS on input line 744.
\macc@depth=\count191
\c@MaxMatrixCols=\count192
\dotsspace@=\muskip16
\c@parentequation=\count193
\dspbrk@lvl=\count194
\tag@help=\toks22
\row@=\count195
\column@=\count196
\maxfields@=\count197
\andhelp@=\toks23
\eqnshift@=\dimen148
\alignsep@=\dimen149
\tagshift@=\dimen150
\tagwidth@=\dimen151
\totwidth@=\dimen152
\lineht@=\dimen153
\@envbody=\toks24
\multlinegap=\skip52
\multlinetaggap=\skip53
\mathdisplay@stack=\toks25
LaTeX Info: Redefining \[ on input line 2923.
LaTeX Info: Redefining \] on input line 2924.
)
("C:\Program Files\MiKTeX\tex/latex/amsfonts\amssymb.sty"
Package: amssymb 2013/01/14 v3.01 AMS font symbols

("C:\Program Files\MiKTeX\tex/latex/amsfonts\amsfonts.sty"
Package: amsfonts 2013/01/14 v3.01 Basic AMSFonts support
\symAMSa=\mathgroup4
\symAMSb=\mathgroup5
LaTeX Font Info:    Redeclaring math symbol \hbar on input line 98.
LaTeX Font Info:    Overwriting math alphabet `\mathfrak' in version `bold'
(Font)                  U/euf/m/n --> U/euf/b/n on input line 106.
))
("C:\Program Files\MiKTeX\tex/latex/graphics\graphicx.sty"
Package: graphicx 2020/09/09 v1.2b Enhanced LaTeX Graphics (DPC,SPQR)

("C:\Program Files\MiKTeX\tex/latex/graphics\keyval.sty"
Package: keyval 2014/10/28 v1.15 key=value parser (DPC)
\KV@toks@=\toks26
)
("C:\Program Files\MiKTeX\tex/latex/graphics\graphics.sty"
Package: graphics 2020/08/30 v1.4c Standard LaTeX Graphics (DPC,SPQR)

("C:\Program Files\MiKTeX\tex/latex/graphics\trig.sty"
Package: trig 2016/01/03 v1.10 sin cos tan (DPC)
)
("C:\Program Files\MiKTeX\tex/latex/graphics-cfg\graphics.cfg"
File: graphics.cfg 2016/06/04 v1.11 sample graphics configuration
)
Package graphics Info: Driver file: pdftex.def on input line 105.

("C:\Program Files\MiKTeX\tex/latex/graphics-def\pdftex.def"
File: pdftex.def 2020/10/05 v1.2a Graphics/color driver for pdftex
))
\Gin@req@height=\dimen154
\Gin@req@width=\dimen155
)
("C:\Program Files\MiKTeX\tex/latex/caption\caption.sty"
Package: caption 2020/10/26 v3.5g Customizing captions (AR)

("C:\Program Files\MiKTeX\tex/latex/caption\caption3.sty"
Package: caption3 2020/10/21 v2.2e caption3 kernel (AR)
\captionmargin=\dimen156
\captionmargin@=\dimen157
\captionwidth=\dimen158
\caption@tempdima=\dimen159
\caption@indent=\dimen160
\caption@parindent=\dimen161
\caption@hangindent=\dimen162
Package caption Info: Standard document class detected.
)
\c@caption@flags=\count198
\c@continuedfloat=\count199
)
("C:\Program Files\MiKTeX\tex/latex/caption\subcaption.sty"
Package: subcaption 2020/10/07 v1.3j Sub-captions (AR)
\c@subfigure=\count266
\c@subtable=\count267
)
("C:\Program Files\MiKTeX\tex/latex/listings\listings.sty"
\lst@mode=\count268
\lst@gtempboxa=\box50
\lst@token=\toks27
\lst@length=\count269
\lst@currlwidth=\dimen163
\lst@column=\count270
\lst@pos=\count271
\lst@lostspace=\dimen164
\lst@width=\dimen165
\lst@newlines=\count272
\lst@lineno=\count273
\lst@maxwidth=\dimen166

("C:\Program Files\MiKTeX\tex/latex/listings\lstmisc.sty"
File: lstmisc.sty 2020/03/24 1.8d (Carsten Heinz)
\c@lstnumber=\count274
\lst@skipnumbers=\count275
\lst@framebox=\box51
)
("C:\Program Files\MiKTeX\tex/latex/listings\listings.cfg"
File: listings.cfg 2020/03/24 1.8d listings configuration
))
Package: listings 2020/03/24 1.8d (Carsten Heinz)

("C:\Program Files\MiKTeX\tex/latex/fancyhdr\fancyhdr.sty"
Package: fancyhdr 2019/01/31 v3.10 Extensive control of page headers and footer
s
\f@nch@headwidth=\skip54
\f@nch@O@elh=\skip55
\f@nch@O@erh=\skip56
\f@nch@O@olh=\skip57
\f@nch@O@orh=\skip58
\f@nch@O@elf=\skip59
\f@nch@O@erf=\skip60
\f@nch@O@olf=\skip61
\f@nch@O@orf=\skip62
)
("C:\Program Files\MiKTeX\tex/latex/l3backend\l3backend-pdftex.def"
File: l3backend-pdftex.def 2020-09-24 L3 backend support: PDF output (pdfTeX)
\l__kernel_color_stack_int=\count276
\l__pdf_internal_box=\box52
)
(document.aux
LaTeX Font Info:    Trying to load font information for T2A+cmr on input line 3
.
 ("C:\Program Files\MiKTeX\tex/latex/cyrillic\t2acmr.fd"
File: t2acmr.fd 2001/08/11 v1.0a Computer Modern Cyrillic font definitions
))
\openout1 = `document.aux'.

LaTeX Font Info:    Checking defaults for OML/cmm/m/it on input line 29.
LaTeX Font Info:    ... okay on input line 29.
LaTeX Font Info:    Checking defaults for OMS/cmsy/m/n on input line 29.
LaTeX Font Info:    ... okay on input line 29.
LaTeX Font Info:    Checking defaults for OT1/cmr/m/n on input line 29.
LaTeX Font Info:    ... okay on input line 29.
LaTeX Font Info:    Checking defaults for T1/cmr/m/n on input line 29.
LaTeX Font Info:    ... okay on input line 29.
LaTeX Font Info:    Checking defaults for TS1/cmr/m/n on input line 29.
LaTeX Font Info:    ... okay on input line 29.
LaTeX Font Info:    Checking defaults for OMX/cmex/m/n on input line 29.
LaTeX Font Info:    ... okay on input line 29.
LaTeX Font Info:    Checking defaults for U/cmr/m/n on input line 29.
LaTeX Font Info:    ... okay on input line 29.
LaTeX Font Info:    Checking defaults for T2A/cmr/m/n on input line 29.
LaTeX Font Info:    ... okay on input line 29.

("C:\Program Files\MiKTeX\tex/latex/ucs\ucsencs.def"
File: ucsencs.def 2011/01/21 Fixes to fontencodings LGR, T3
)
LaTeX Info: Redefining \th on input line 29.

("C:\Program Files\MiKTeX\tex/context/base/mkii\supp-pdf.mkii"
[Loading MPS to PDF converter (version 2006.09.02).]
\scratchcounter=\count277
\scratchdimen=\dimen167
\scratchbox=\box53
\nofMPsegments=\count278
\nofMParguments=\count279
\everyMPshowfont=\toks28
\MPscratchCnt=\count280
\MPscratchDim=\dimen168
\MPnumerator=\count281
\makeMPintoPDFobject=\count282
\everyMPtoPDFconversion=\toks29
) ("C:\Program Files\MiKTeX\tex/latex/epstopdf-pkg\epstopdf-base.sty"
Package: epstopdf-base 2020-01-24 v2.11 Base part for package epstopdf
Package epstopdf-base Info: Redefining graphics rule for `.eps' on input line 4
85.
)
Package caption Info: Begin \AtBeginDocument code.
Package caption Info: listings package is loaded.
Package caption Info: End \AtBeginDocument code.
\c@lstlisting=\count283

("C:\Program Files\MiKTeX\tex/latex/ucs\uni-4.def"
File: uni-4.def 2013/05/13 UCS: Unicode data U+0400..U+04FF
)
LaTeX Font Info:    Trying to load font information for U+msa on input line 31.


("C:\Program Files\MiKTeX\tex/latex/amsfonts\umsa.fd"
File: umsa.fd 2013/01/14 v3.01 AMS symbols A
)
LaTeX Font Info:    Trying to load font information for U+msb on input line 31.


("C:\Program Files\MiKTeX\tex/latex/amsfonts\umsb.fd"
File: umsb.fd 2013/01/14 v3.01 AMS symbols B
)
("C:\Program Files\MiKTeX\tex/latex/ucs\uni-0.def"
File: uni-0.def 2013/05/13 UCS: Unicode data U+0000..U+00FF
)
<trigcirc.jpg, id=1, 722.7pt x 542.025pt>
File: trigcirc.jpg Graphic file (type jpg)
<use trigcirc.jpg>
Package pdftex.def Info: trigcirc.jpg  used on input line 87.
(pdftex.def)             Requested size: 120.74947pt x 90.55507pt.
File: trigcirc.jpg Graphic file (type jpg)
<use trigcirc.jpg>
Package pdftex.def Info: trigcirc.jpg  used on input line 93.
(pdftex.def)             Requested size: 120.74947pt x 90.55507pt.

Overfull \hbox (2.22168pt too wide) in paragraph at lines 85--97
[]$[]$ $[]$ 
 []


LaTeX Warning: `!h' float specifier changed to `!ht'.

[1{C:/Users/kiril/AppData/Local/MiKTeX/pdftex/config/pdftex.map}

] (main.cpp)
LaTeX Font Info:    Trying to load font information for T2A+cmtt on input line 
118.

("C:\Program Files\MiKTeX\tex/latex/cyrillic\t2acmtt.fd"
File: t2acmtt.fd 2001/08/11 v1.0a Computer Modern Cyrillic font definitions
) [2 <./trigcirc.jpg>]
[3] (document.aux) ) 
Here is how much of TeX's memory you used:
 8416 strings out of 480237
 116304 string characters out of 2890457
 404281 words of memory out of 3000000
 24890 multiletter control sequences out of 15000+200000
 541473 words of font info for 44 fonts, out of 3000000 for 9000
 1141 hyphenation exceptions out of 8191
 66i,11n,72p,482b,969s stack positions out of 5000i,500n,10000p,200000b,50000s
 <C:\Users\kiril\AppData\Local\MiKTeX\fonts/pk/ljfour/lh/lh
-t2a/dpi600\labx1000.pk> <C:\Users\kiril\AppData\Local\MiKTeX\fonts/pk/ljfour/j
knappen/ec/dpi600\tcrm1000.pk> <C:\Users\kiril\AppData\Local\MiKTeX\fonts/pk/lj
four/lh/lh-t2a/dpi600\latt1000.pk> <C:\Users\kiril\AppData\Local\MiKTeX\fonts/p
k/ljfour/lh/lh-t2a/dpi600\larm0900.pk> <C:\Users\kiril\AppData\Local\MiKTeX\fon
ts/pk/ljfour/lh/lh-t2a/dpi600\labx1440.pk> <C:\Users\kiril\AppData\Local\MiKTeX
\fonts/pk/ljfour/lh/lh-t2a/dpi600\larm1000.pk><C:/Program Files/MiKTeX/fonts/ty
pe1/public/amsfonts/cm/cmex10.pfb><C:/Program Files/MiKTeX/fonts/type1/public/a
msfonts/cm/cmmi10.pfb><C:/Program Files/MiKTeX/fonts/type1/public/amsfonts/cm/c
mmi7.pfb><C:/Program Files/MiKTeX/fonts/type1/public/amsfonts/cm/cmr10.pfb><C:/
Program Files/MiKTeX/fonts/type1/public/amsfonts/cm/cmr7.pfb><C:/Program Files/
MiKTeX/fonts/type1/public/amsfonts/cm/cmsy10.pfb><C:/Program Files/MiKTeX/fonts
/type1/public/amsfonts/symbols/msbm10.pfb>
Output written on document.pdf (3 pages, 155534 bytes).
PDF statistics:
 222 PDF objects out of 1000 (max. 8388607)
 0 named destinations out of 1000 (max. 500000)
 6 words of extra memory for PDF output out of 10000 (max. 10000000)

